# JRE version: OpenJDK Runtime Environment (8.0_152-b02) (build 1.8.0_152-release-1024-b02)
# Java VM: OpenJDK 64-Bit Server VM (25.152-b02 mixed mode windows-amd64 compressed oops)
Heap:
 PSYoungGen      total 475648K, used 332730K [0x00000000e0000000, 0x00000000ff580000, 0x0000000100000000)
  eden space 450048K, 72% used [0x00000000e0000000,0x00000000f3e0c890,0x00000000fb780000)
  from space 25600K, 27% used [0x00000000fdc80000,0x00000000fe361fb0,0x00000000ff580000)
  to   space 31744K, 0% used [0x00000000fb780000,0x00000000fb780000,0x00000000fd680000)
 ParOldGen       total 91648K, used 58996K [0x00000000a0000000, 0x00000000a5980000, 0x00000000e0000000)
  object space 91648K, 64% used [0x00000000a0000000,0x00000000a399d280,0x00000000a5980000)
 Metaspace       used 85230K, capacity 89778K, committed 89944K, reserved 1128448K
  class space    used 10689K, capacity 11579K, committed 11648K, reserved 1048576K
GC Heap History (10 events):
Event: 207.084 GC heap before
{Heap before GC invocations=23 (full 3):
 PSYoungGen      total 309760K, used 283297K [0x00000000e0000000, 0x00000000f8b00000, 0x0000000100000000)
  eden space 275456K, 100% used [0x00000000e0000000,0x00000000f0d00000,0x00000000f0d00000)
  from space 34304K, 22% used [0x00000000f0d00000,0x00000000f14a8608,0x00000000f2e80000)
  to   space 33280K, 0% used [0x00000000f6a80000,0x00000000f6a80000,0x00000000f8b00000)
 ParOldGen       total 91648K, used 56191K [0x00000000a0000000, 0x00000000a5980000, 0x00000000e0000000)
  object space 91648K, 61% used [0x00000000a0000000,0x00000000a36dfca0,0x00000000a5980000)
 Metaspace       used 80330K, capacity 83818K, committed 83928K, reserved 1122304K
  class space    used 10243K, capacity 10936K, committed 11008K, reserved 1048576K
Event: 207.154 GC heap after
Heap after GC invocations=23 (full 3):
 PSYoungGen      total 366592K, used 24581K [0x00000000e0000000, 0x00000000f8b80000, 0x0000000100000000)
  eden space 333312K, 0% used [0x00000000e0000000,0x00000000e0000000,0x00000000f4580000)
  from space 33280K, 73% used [0x00000000f6a80000,0x00000000f8281440,0x00000000f8b00000)
  to   space 35840K, 0% used [0x00000000f4580000,0x00000000f4580000,0x00000000f6880000)
 ParOldGen       total 91648K, used 58500K [0x00000000a0000000, 0x00000000a5980000, 0x00000000e0000000)
  object space 91648K, 63% used [0x00000000a0000000,0x00000000a3921270,0x00000000a5980000)
 Metaspace       used 80330K, capacity 83818K, committed 83928K, reserved 1122304K
  class space    used 10243K, capacity 10936K, committed 11008K, reserved 1048576K
}
Event: 250.369 GC heap before
{Heap before GC invocations=24 (full 3):
 PSYoungGen      total 366592K, used 357192K [0x00000000e0000000, 0x00000000f8b80000, 0x0000000100000000)
  eden space 333312K, 99% used [0x00000000e0000000,0x00000000f44d0c18,0x00000000f4580000)
  from space 33280K, 73% used [0x00000000f6a80000,0x00000000f8281440,0x00000000f8b00000)
  to   space 35840K, 0% used [0x00000000f4580000,0x00000000f4580000,0x00000000f6880000)
 ParOldGen       total 91648K, used 58500K [0x00000000a0000000, 0x00000000a5980000, 0x00000000e0000000)
  object space 91648K, 63% used [0x00000000a0000000,0x00000000a3921270,0x00000000a5980000)
 Metaspace       used 81060K, capacity 84578K, committed 84824K, reserved 1122304K
  class space    used 10320K, capacity 11024K, committed 11136K, reserved 1048576K
Event: 250.384 GC heap after
Heap after GC invocations=24 (full 3):
 PSYoungGen      total 369152K, used 5757K [0x00000000e0000000, 0x00000000fc480000, 0x0000000100000000)
  eden space 333312K, 0% used [0x00000000e0000000,0x00000000e0000000,0x00000000f4580000)
  from space 35840K, 16% used [0x00000000f4580000,0x00000000f4b1f438,0x00000000f6880000)
  to   space 34816K, 0% used [0x00000000fa280000,0x00000000fa280000,0x00000000fc480000)
 ParOldGen       total 91648K, used 58628K [0x00000000a0000000, 0x00000000a5980000, 0x00000000e0000000)
  object space 91648K, 63% used [0x00000000a0000000,0x00000000a3941270,0x00000000a5980000)
 Metaspace       used 81060K, capacity 84578K, committed 84824K, reserved 1122304K
  class space    used 10320K, capacity 11024K, committed 11136K, reserved 1048576K
}
Event: 250.991 GC heap before
{Heap before GC invocations=25 (full 3):
 PSYoungGen      total 369152K, used 339069K [0x00000000e0000000, 0x00000000fc480000, 0x0000000100000000)
  eden space 333312K, 100% used [0x00000000e0000000,0x00000000f4580000,0x00000000f4580000)
  from space 35840K, 16% used [0x00000000f4580000,0x00000000f4b1f438,0x00000000f6880000)
  to   space 34816K, 0% used [0x00000000fa280000,0x00000000fa280000,0x00000000fc480000)
 ParOldGen       total 91648K, used 58628K [0x00000000a0000000, 0x00000000a5980000, 0x00000000e0000000)
  object space 91648K, 63% used [0x00000000a0000000,0x00000000a3941270,0x00000000a5980000)
 Metaspace       used 81709K, capacity 85232K, committed 85464K, reserved 1124352K
  class space    used 10439K, capacity 11153K, committed 11264K, reserved 1048576K
Event: 251.004 GC heap after
Heap after GC invocations=25 (full 3):
 PSYoungGen      total 428544K, used 1992K [0x00000000e0000000, 0x00000000fca00000, 0x0000000100000000)
  eden space 393728K, 0% used [0x00000000e0000000,0x00000000e0000000,0x00000000f8080000)
  from space 34816K, 5% used [0x00000000fa280000,0x00000000fa472018,0x00000000fc480000)
  to   space 34816K, 0% used [0x00000000f8080000,0x00000000f8080000,0x00000000fa280000)
 ParOldGen       total 91648K, used 58636K [0x00000000a0000000, 0x00000000a5980000, 0x00000000e0000000)
  object space 91648K, 63% used [0x00000000a0000000,0x00000000a3943270,0x00000000a5980000)
 Metaspace       used 81709K, capacity 85232K, committed 85464K, reserved 1124352K
  class space    used 10439K, capacity 11153K, committed 11264K, reserved 1048576K
}
Event: 570.968 GC heap before
{Heap before GC invocations=26 (full 3):
 PSYoungGen      total 428544K, used 394811K [0x00000000e0000000, 0x00000000fca00000, 0x0000000100000000)
  eden space 393728K, 99% used [0x00000000e0000000,0x00000000f7f9ccf8,0x00000000f8080000)
  from space 34816K, 5% used [0x00000000fa280000,0x00000000fa472018,0x00000000fc480000)
  to   space 34816K, 0% used [0x00000000f8080000,0x00000000f8080000,0x00000000fa280000)
 ParOldGen       total 91648K, used 58636K [0x00000000a0000000, 0x00000000a5980000, 0x00000000e0000000)
  object space 91648K, 63% used [0x00000000a0000000,0x00000000a3943270,0x00000000a5980000)
 Metaspace       used 83794K, capacity 87626K, committed 87896K, reserved 1126400K
  class space    used 10592K, capacity 11359K, committed 11392K, reserved 1048576K
Event: 570.991 GC heap after
Heap after GC invocations=26 (full 3):
 PSYoungGen      total 428544K, used 8562K [0x00000000e0000000, 0x00000000ffd00000, 0x0000000100000000)
  eden space 393728K, 0% used [0x00000000e0000000,0x00000000e0000000,0x00000000f8080000)
  from space 34816K, 24% used [0x00000000f8080000,0x00000000f88dc858,0x00000000fa280000)
  to   space 33280K, 0% used [0x00000000fdc80000,0x00000000fdc80000,0x00000000ffd00000)
 ParOldGen       total 91648K, used 58988K [0x00000000a0000000, 0x00000000a5980000, 0x00000000e0000000)
  object space 91648K, 64% used [0x00000000a0000000,0x00000000a399b280,0x00000000a5980000)
 Metaspace       used 83794K, capacity 87626K, committed 87896K, reserved 1126400K
  class space    used 10592K, capacity 11359K, committed 11392K, reserved 1048576K
}
Event: 719.953 GC heap before
{Heap before GC invocations=27 (full 3):
 PSYoungGen      total 428544K, used 402290K [0x00000000e0000000, 0x00000000ffd00000, 0x0000000100000000)
  eden space 393728K, 100% used [0x00000000e0000000,0x00000000f8080000,0x00000000f8080000)
  from space 34816K, 24% used [0x00000000f8080000,0x00000000f88dc858,0x00000000fa280000)
  to   space 33280K, 0% used [0x00000000fdc80000,0x00000000fdc80000,0x00000000ffd00000)
 ParOldGen       total 91648K, used 58988K [0x00000000a0000000, 0x00000000a5980000, 0x00000000e0000000)
  object space 91648K, 64% used [0x00000000a0000000,0x00000000a399b280,0x00000000a5980000)
 Metaspace       used 84362K, capacity 88342K, committed 88536K, reserved 1126400K
  class space    used 10615K, capacity 11420K, committed 11520K, reserved 1048576K
Event: 719.993 GC heap after
Heap after GC invocations=27 (full 3):
 PSYoungGen      total 475648K, used 7047K [0x00000000e0000000, 0x00000000ff580000, 0x0000000100000000)
  eden space 450048K, 0% used [0x00000000e0000000,0x00000000e0000000,0x00000000fb780000)
  from space 25600K, 27% used [0x00000000fdc80000,0x00000000fe361fb0,0x00000000ff580000)
  to   space 31744K, 0% used [0x00000000fb780000,0x00000000fb780000,0x00000000fd680000)
 ParOldGen       total 91648K, used 58996K [0x00000000a0000000, 0x00000000a5980000, 0x00000000e0000000)
  object space 91648K, 64% used [0x00000000a0000000,0x00000000a399d280,0x00000000a5980000)
 Metaspace       used 84362K, capacity 88342K, committed 88536K, reserved 1126400K
  class space    used 10615K, capacity 11420K, committed 11520K, reserved 1048576K
}

