# JRE version: OpenJDK Runtime Environment (8.0_152-b02) (build 1.8.0_152-release-1024-b02)
# Java VM: OpenJDK 64-Bit Server VM (25.152-b02 mixed mode windows-amd64 compressed oops)
Heap:
 PSYoungGen      total 340480K, used 183031K [0x00000000e0000000, 0x00000000f9680000, 0x0000000100000000)
  eden space 314368K, 57% used [0x00000000e0000000,0x00000000eb022930,0x00000000f3300000)
  from space 26112K, 10% used [0x00000000f3300000,0x00000000f359b5e0,0x00000000f4c80000)
  to   space 25600K, 0% used [0x00000000f7d80000,0x00000000f7d80000,0x00000000f9680000)
 ParOldGen       total 101888K, used 50274K [0x00000000a0000000, 0x00000000a6380000, 0x00000000e0000000)
  object space 101888K, 49% used [0x00000000a0000000,0x00000000a3118a20,0x00000000a6380000)
 Metaspace       used 82729K, capacity 86192K, committed 86420K, reserved 1124352K
  class space    used 10452K, capacity 11159K, committed 11196K, reserved 1048576K
GC Heap History (10 events):
Event: 743.600 GC heap before
{Heap before GC invocations=39 (full 4):
 PSYoungGen      total 252416K, used 236199K [0x00000000e0000000, 0x00000000f1580000, 0x0000000100000000)
  eden space 228864K, 100% used [0x00000000e0000000,0x00000000edf80000,0x00000000edf80000)
  from space 23552K, 31% used [0x00000000efe80000,0x00000000f05a9f48,0x00000000f1580000)
  to   space 27648K, 0% used [0x00000000edf80000,0x00000000edf80000,0x00000000efa80000)
 ParOldGen       total 101888K, used 43900K [0x00000000a0000000, 0x00000000a6380000, 0x00000000e0000000)
  object space 101888K, 43% used [0x00000000a0000000,0x00000000a2adf070,0x00000000a6380000)
 Metaspace       used 79993K, capacity 83060K, committed 83348K, reserved 1122304K
  class space    used 10193K, capacity 10836K, committed 10940K, reserved 1048576K
Event: 743.672 GC heap after
Heap after GC invocations=39 (full 4):
 PSYoungGen      total 256512K, used 8794K [0x00000000e0000000, 0x00000000f3680000, 0x0000000100000000)
  eden space 228864K, 0% used [0x00000000e0000000,0x00000000e0000000,0x00000000edf80000)
  from space 27648K, 31% used [0x00000000edf80000,0x00000000ee816830,0x00000000efa80000)
  to   space 25600K, 0% used [0x00000000f1d80000,0x00000000f1d80000,0x00000000f3680000)
 ParOldGen       total 101888K, used 48006K [0x00000000a0000000, 0x00000000a6380000, 0x00000000e0000000)
  object space 101888K, 47% used [0x00000000a0000000,0x00000000a2ee18f0,0x00000000a6380000)
 Metaspace       used 79993K, capacity 83060K, committed 83348K, reserved 1122304K
  class space    used 10193K, capacity 10836K, committed 10940K, reserved 1048576K
}
Event: 745.469 GC heap before
{Heap before GC invocations=40 (full 4):
 PSYoungGen      total 256512K, used 237424K [0x00000000e0000000, 0x00000000f3680000, 0x0000000100000000)
  eden space 228864K, 99% used [0x00000000e0000000,0x00000000edf45bb0,0x00000000edf80000)
  from space 27648K, 31% used [0x00000000edf80000,0x00000000ee816830,0x00000000efa80000)
  to   space 25600K, 0% used [0x00000000f1d80000,0x00000000f1d80000,0x00000000f3680000)
 ParOldGen       total 101888K, used 48006K [0x00000000a0000000, 0x00000000a6380000, 0x00000000e0000000)
  object space 101888K, 47% used [0x00000000a0000000,0x00000000a2ee18f0,0x00000000a6380000)
 Metaspace       used 80075K, capacity 83202K, committed 83348K, reserved 1122304K
  class space    used 10193K, capacity 10837K, committed 10940K, reserved 1048576K
Event: 745.611 GC heap after
Heap after GC invocations=40 (full 4):
 PSYoungGen      total 292352K, used 448K [0x00000000e0000000, 0x00000000f3d00000, 0x0000000100000000)
  eden space 266752K, 0% used [0x00000000e0000000,0x00000000e0000000,0x00000000f0480000)
  from space 25600K, 1% used [0x00000000f1d80000,0x00000000f1df0000,0x00000000f3680000)
  to   space 25600K, 0% used [0x00000000f0480000,0x00000000f0480000,0x00000000f1d80000)
 ParOldGen       total 101888K, used 49602K [0x00000000a0000000, 0x00000000a6380000, 0x00000000e0000000)
  object space 101888K, 48% used [0x00000000a0000000,0x00000000a30709e0,0x00000000a6380000)
 Metaspace       used 80075K, capacity 83202K, committed 83348K, reserved 1122304K
  class space    used 10193K, capacity 10837K, committed 10940K, reserved 1048576K
}
Event: 749.115 GC heap before
{Heap before GC invocations=41 (full 4):
 PSYoungGen      total 292352K, used 267200K [0x00000000e0000000, 0x00000000f3d00000, 0x0000000100000000)
  eden space 266752K, 100% used [0x00000000e0000000,0x00000000f0480000,0x00000000f0480000)
  from space 25600K, 1% used [0x00000000f1d80000,0x00000000f1df0000,0x00000000f3680000)
  to   space 25600K, 0% used [0x00000000f0480000,0x00000000f0480000,0x00000000f1d80000)
 ParOldGen       total 101888K, used 49602K [0x00000000a0000000, 0x00000000a6380000, 0x00000000e0000000)
  object space 101888K, 48% used [0x00000000a0000000,0x00000000a30709e0,0x00000000a6380000)
 Metaspace       used 80197K, capacity 83290K, committed 83604K, reserved 1122304K
  class space    used 10196K, capacity 10841K, committed 10940K, reserved 1048576K
Event: 749.191 GC heap after
Heap after GC invocations=41 (full 4):
 PSYoungGen      total 292352K, used 18042K [0x00000000e0000000, 0x00000000f6c00000, 0x0000000100000000)
  eden space 266752K, 0% used [0x00000000e0000000,0x00000000e0000000,0x00000000f0480000)
  from space 25600K, 70% used [0x00000000f0480000,0x00000000f161eab8,0x00000000f1d80000)
  to   space 27648K, 0% used [0x00000000f5100000,0x00000000f5100000,0x00000000f6c00000)
 ParOldGen       total 101888K, used 49650K [0x00000000a0000000, 0x00000000a6380000, 0x00000000e0000000)
  object space 101888K, 48% used [0x00000000a0000000,0x00000000a307c9e0,0x00000000a6380000)
 Metaspace       used 80197K, capacity 83290K, committed 83604K, reserved 1122304K
  class space    used 10196K, capacity 10841K, committed 10940K, reserved 1048576K
}
Event: 753.489 GC heap before
{Heap before GC invocations=42 (full 4):
 PSYoungGen      total 292352K, used 284459K [0x00000000e0000000, 0x00000000f6c00000, 0x0000000100000000)
  eden space 266752K, 99% used [0x00000000e0000000,0x00000000f042c508,0x00000000f0480000)
  from space 25600K, 70% used [0x00000000f0480000,0x00000000f161eab8,0x00000000f1d80000)
  to   space 27648K, 0% used [0x00000000f5100000,0x00000000f5100000,0x00000000f6c00000)
 ParOldGen       total 101888K, used 49650K [0x00000000a0000000, 0x00000000a6380000, 0x00000000e0000000)
  object space 101888K, 48% used [0x00000000a0000000,0x00000000a307c9e0,0x00000000a6380000)
 Metaspace       used 80628K, capacity 83754K, committed 83860K, reserved 1122304K
  class space    used 10231K, capacity 10885K, committed 10940K, reserved 1048576K
Event: 753.498 GC heap after
Heap after GC invocations=42 (full 4):
 PSYoungGen      total 335872K, used 4936K [0x00000000e0000000, 0x00000000f6600000, 0x0000000100000000)
  eden space 314368K, 0% used [0x00000000e0000000,0x00000000e0000000,0x00000000f3300000)
  from space 21504K, 22% used [0x00000000f5100000,0x00000000f55d2308,0x00000000f6600000)
  to   space 26112K, 0% used [0x00000000f3300000,0x00000000f3300000,0x00000000f4c80000)
 ParOldGen       total 101888K, used 50026K [0x00000000a0000000, 0x00000000a6380000, 0x00000000e0000000)
  object space 101888K, 49% used [0x00000000a0000000,0x00000000a30daa00,0x00000000a6380000)
 Metaspace       used 80628K, capacity 83754K, committed 83860K, reserved 1122304K
  class space    used 10231K, capacity 10885K, committed 10940K, reserved 1048576K
}
Event: 828.569 GC heap before
{Heap before GC invocations=43 (full 4):
 PSYoungGen      total 335872K, used 319304K [0x00000000e0000000, 0x00000000f6600000, 0x0000000100000000)
  eden space 314368K, 100% used [0x00000000e0000000,0x00000000f3300000,0x00000000f3300000)
  from space 21504K, 22% used [0x00000000f5100000,0x00000000f55d2308,0x00000000f6600000)
  to   space 26112K, 0% used [0x00000000f3300000,0x00000000f3300000,0x00000000f4c80000)
 ParOldGen       total 101888K, used 50026K [0x00000000a0000000, 0x00000000a6380000, 0x00000000e0000000)
  object space 101888K, 49% used [0x00000000a0000000,0x00000000a30daa00,0x00000000a6380000)
 Metaspace       used 81669K, capacity 84868K, committed 85012K, reserved 1124352K
  class space    used 10404K, capacity 11060K, committed 11068K, reserved 1048576K
Event: 828.580 GC heap after
Heap after GC invocations=43 (full 4):
 PSYoungGen      total 340480K, used 2669K [0x00000000e0000000, 0x00000000f9680000, 0x0000000100000000)
  eden space 314368K, 0% used [0x00000000e0000000,0x00000000e0000000,0x00000000f3300000)
  from space 26112K, 10% used [0x00000000f3300000,0x00000000f359b5e0,0x00000000f4c80000)
  to   space 25600K, 0% used [0x00000000f7d80000,0x00000000f7d80000,0x00000000f9680000)
 ParOldGen       total 101888K, used 50274K [0x00000000a0000000, 0x00000000a6380000, 0x00000000e0000000)
  object space 101888K, 49% used [0x00000000a0000000,0x00000000a3118a20,0x00000000a6380000)
 Metaspace       used 81669K, capacity 84868K, committed 85012K, reserved 1124352K
  class space    used 10404K, capacity 11060K, committed 11068K, reserved 1048576K
}

