# JRE version: OpenJDK Runtime Environment (8.0_152-b02) (build 1.8.0_152-release-1024-b02)
# Java VM: OpenJDK 64-Bit Server VM (25.152-b02 mixed mode windows-amd64 compressed oops)
Heap:
 PSYoungGen      total 82944K, used 6080K [0x00000000e0000000, 0x00000000e6600000, 0x0000000100000000)
  eden space 66048K, 0% used [0x00000000e0000000,0x00000000e0000000,0x00000000e4080000)
  from space 16896K, 35% used [0x00000000e4080000,0x00000000e4670030,0x00000000e5100000)
  to   space 15872K, 0% used [0x00000000e5680000,0x00000000e5680000,0x00000000e6600000)
 ParOldGen       total 85504K, used 66126K [0x00000000a0000000, 0x00000000a5380000, 0x00000000e0000000)
  object space 85504K, 77% used [0x00000000a0000000,0x00000000a40939f0,0x00000000a5380000)
 Metaspace       used 79034K, capacity 82824K, committed 83160K, reserved 1122304K
  class space    used 10208K, capacity 10915K, committed 11008K, reserved 1048576K
GC Heap History (10 events):
Event: 1280.996 GC heap after
Heap after GC invocations=38 (full 3):
 PSYoungGen      total 80384K, used 11384K [0x00000000e0000000, 0x00000000e6900000, 0x0000000100000000)
  eden space 68608K, 0% used [0x00000000e0000000,0x00000000e0000000,0x00000000e4300000)
  from space 11776K, 96% used [0x00000000e4500000,0x00000000e501e0c0,0x00000000e5080000)
  to   space 19456K, 0% used [0x00000000e5600000,0x00000000e5600000,0x00000000e6900000)
 ParOldGen       total 85504K, used 66102K [0x00000000a0000000, 0x00000000a5380000, 0x00000000e0000000)
  object space 85504K, 77% used [0x00000000a0000000,0x00000000a408d9f0,0x00000000a5380000)
 Metaspace       used 78738K, capacity 82442K, committed 82648K, reserved 1120256K
  class space    used 10199K, capacity 10906K, committed 11008K, reserved 1048576K
}
Event: 1289.937 GC heap before
{Heap before GC invocations=39 (full 3):
 PSYoungGen      total 80384K, used 79992K [0x00000000e0000000, 0x00000000e6900000, 0x0000000100000000)
  eden space 68608K, 100% used [0x00000000e0000000,0x00000000e4300000,0x00000000e4300000)
  from space 11776K, 96% used [0x00000000e4500000,0x00000000e501e0c0,0x00000000e5080000)
  to   space 19456K, 0% used [0x00000000e5600000,0x00000000e5600000,0x00000000e6900000)
 ParOldGen       total 85504K, used 66102K [0x00000000a0000000, 0x00000000a5380000, 0x00000000e0000000)
  object space 85504K, 77% used [0x00000000a0000000,0x00000000a408d9f0,0x00000000a5380000)
 Metaspace       used 78826K, capacity 82530K, committed 82648K, reserved 1120256K
  class space    used 10202K, capacity 10910K, committed 11008K, reserved 1048576K
Event: 1290.022 GC heap after
Heap after GC invocations=39 (full 3):
 PSYoungGen      total 81920K, used 6715K [0x00000000e0000000, 0x00000000e6500000, 0x0000000100000000)
  eden space 66560K, 0% used [0x00000000e0000000,0x00000000e0000000,0x00000000e4100000)
  from space 15360K, 43% used [0x00000000e5600000,0x00000000e5c8ee18,0x00000000e6500000)
  to   space 18432K, 0% used [0x00000000e4100000,0x00000000e4100000,0x00000000e5300000)
 ParOldGen       total 85504K, used 66110K [0x00000000a0000000, 0x00000000a5380000, 0x00000000e0000000)
  object space 85504K, 77% used [0x00000000a0000000,0x00000000a408f9f0,0x00000000a5380000)
 Metaspace       used 78826K, capacity 82530K, committed 82648K, reserved 1120256K
  class space    used 10202K, capacity 10910K, committed 11008K, reserved 1048576K
}
Event: 1344.089 GC heap before
{Heap before GC invocations=40 (full 3):
 PSYoungGen      total 81920K, used 73275K [0x00000000e0000000, 0x00000000e6500000, 0x0000000100000000)
  eden space 66560K, 100% used [0x00000000e0000000,0x00000000e4100000,0x00000000e4100000)
  from space 15360K, 43% used [0x00000000e5600000,0x00000000e5c8ee18,0x00000000e6500000)
  to   space 18432K, 0% used [0x00000000e4100000,0x00000000e4100000,0x00000000e5300000)
 ParOldGen       total 85504K, used 66110K [0x00000000a0000000, 0x00000000a5380000, 0x00000000e0000000)
  object space 85504K, 77% used [0x00000000a0000000,0x00000000a408f9f0,0x00000000a5380000)
 Metaspace       used 78916K, capacity 82600K, committed 82904K, reserved 1122304K
  class space    used 10204K, capacity 10911K, committed 11008K, reserved 1048576K
Event: 1344.152 GC heap after
Heap after GC invocations=40 (full 3):
 PSYoungGen      total 69632K, used 4546K [0x00000000e0000000, 0x00000000e6280000, 0x0000000100000000)
  eden space 65024K, 0% used [0x00000000e0000000,0x00000000e0000000,0x00000000e3f80000)
  from space 4608K, 98% used [0x00000000e4100000,0x00000000e4570a70,0x00000000e4580000)
  to   space 17920K, 0% used [0x00000000e5100000,0x00000000e5100000,0x00000000e6280000)
 ParOldGen       total 85504K, used 66118K [0x00000000a0000000, 0x00000000a5380000, 0x00000000e0000000)
  object space 85504K, 77% used [0x00000000a0000000,0x00000000a40919f0,0x00000000a5380000)
 Metaspace       used 78916K, capacity 82600K, committed 82904K, reserved 1122304K
  class space    used 10204K, capacity 10911K, committed 11008K, reserved 1048576K
}
Event: 1345.323 GC heap before
{Heap before GC invocations=41 (full 3):
 PSYoungGen      total 69632K, used 69570K [0x00000000e0000000, 0x00000000e6280000, 0x0000000100000000)
  eden space 65024K, 100% used [0x00000000e0000000,0x00000000e3f80000,0x00000000e3f80000)
  from space 4608K, 98% used [0x00000000e4100000,0x00000000e4570a70,0x00000000e4580000)
  to   space 17920K, 0% used [0x00000000e5100000,0x00000000e5100000,0x00000000e6280000)
 ParOldGen       total 85504K, used 66118K [0x00000000a0000000, 0x00000000a5380000, 0x00000000e0000000)
  object space 85504K, 77% used [0x00000000a0000000,0x00000000a40919f0,0x00000000a5380000)
 Metaspace       used 78962K, capacity 82600K, committed 82904K, reserved 1122304K
  class space    used 10204K, capacity 10911K, committed 11008K, reserved 1048576K
Event: 1345.376 GC heap after
Heap after GC invocations=41 (full 3):
 PSYoungGen      total 83968K, used 6342K [0x00000000e0000000, 0x00000000e6800000, 0x0000000100000000)
  eden space 66048K, 0% used [0x00000000e0000000,0x00000000e0000000,0x00000000e4080000)
  from space 17920K, 35% used [0x00000000e5100000,0x00000000e5731be0,0x00000000e6280000)
  to   space 16896K, 0% used [0x00000000e4080000,0x00000000e4080000,0x00000000e5100000)
 ParOldGen       total 85504K, used 66118K [0x00000000a0000000, 0x00000000a5380000, 0x00000000e0000000)
  object space 85504K, 77% used [0x00000000a0000000,0x00000000a40919f0,0x00000000a5380000)
 Metaspace       used 78962K, capacity 82600K, committed 82904K, reserved 1122304K
  class space    used 10204K, capacity 10911K, committed 11008K, reserved 1048576K
}
Event: 1346.283 GC heap before
{Heap before GC invocations=42 (full 3):
 PSYoungGen      total 83968K, used 42369K [0x00000000e0000000, 0x00000000e6800000, 0x0000000100000000)
  eden space 66048K, 54% used [0x00000000e0000000,0x00000000e232eba0,0x00000000e4080000)
  from space 17920K, 35% used [0x00000000e5100000,0x00000000e5731be0,0x00000000e6280000)
  to   space 16896K, 0% used [0x00000000e4080000,0x00000000e4080000,0x00000000e5100000)
 ParOldGen       total 85504K, used 66118K [0x00000000a0000000, 0x00000000a5380000, 0x00000000e0000000)
  object space 85504K, 77% used [0x00000000a0000000,0x00000000a40919f0,0x00000000a5380000)
 Metaspace       used 79034K, capacity 82824K, committed 83160K, reserved 1122304K
  class space    used 10208K, capacity 10915K, committed 11008K, reserved 1048576K
Event: 1346.332 GC heap after
Heap after GC invocations=42 (full 3):
 PSYoungGen      total 82944K, used 6080K [0x00000000e0000000, 0x00000000e6600000, 0x0000000100000000)
  eden space 66048K, 0% used [0x00000000e0000000,0x00000000e0000000,0x00000000e4080000)
  from space 16896K, 35% used [0x00000000e4080000,0x00000000e4670030,0x00000000e5100000)
  to   space 15872K, 0% used [0x00000000e5680000,0x00000000e5680000,0x00000000e6600000)
 ParOldGen       total 85504K, used 66126K [0x00000000a0000000, 0x00000000a5380000, 0x00000000e0000000)
  object space 85504K, 77% used [0x00000000a0000000,0x00000000a40939f0,0x00000000a5380000)
 Metaspace       used 79034K, capacity 82824K, committed 83160K, reserved 1122304K
  class space    used 10208K, capacity 10915K, committed 11008K, reserved 1048576K
}
Event: 1346.332 GC heap before
{Heap before GC invocations=43 (full 4):
 PSYoungGen      total 82944K, used 6080K [0x00000000e0000000, 0x00000000e6600000, 0x0000000100000000)
  eden space 66048K, 0% used [0x00000000e0000000,0x00000000e0000000,0x00000000e4080000)
  from space 16896K, 35% used [0x00000000e4080000,0x00000000e4670030,0x00000000e5100000)
  to   space 15872K, 0% used [0x00000000e5680000,0x00000000e5680000,0x00000000e6600000)
 ParOldGen       total 85504K, used 66126K [0x00000000a0000000, 0x00000000a5380000, 0x00000000e0000000)
  object space 85504K, 77% used [0x00000000a0000000,0x00000000a40939f0,0x00000000a5380000)
 Metaspace       used 79034K, capacity 82824K, committed 83160K, reserved 1122304K
  class space    used 10208K, capacity 10915K, committed 11008K, reserved 1048576K

